Started GET "/drivers/4" for 127.0.0.1 at 2018-04-04 23:12:49 -0700
  [1m[35m (8.1ms)[0m  [1m[34mSELECT "schema_migrations"."version" FROM "schema_migrations" ORDER BY "schema_migrations"."version" ASC[0m
Processing by DriversController#show as HTML
  Parameters: {"id"=>"4"}
  [1m[36mDriver Load (0.5ms)[0m  [1m[34mSELECT  "drivers".* FROM "drivers" WHERE "drivers"."id" = $1 LIMIT $2[0m  [["id", 4], ["LIMIT", 1]]
  Rendering drivers/show.html.erb within layouts/application
  Rendered drivers/show.html.erb within layouts/application (18.0ms)
Completed 500 Internal Server Error in 84ms (ActiveRecord: 5.7ms)



NoMethodError - undefined method `total_revenue' for #<Driver:0x00007f8f770c8ec0>:
  app/views/drivers/show.html.erb:3:in `_app_views_drivers_show_html_erb__3365493702610590477_70127099005160'

Started POST "/__better_errors/5930856dcdca4c49/variables" for 127.0.0.1 at 2018-04-04 23:12:50 -0700
Started GET "/drivers/4" for 127.0.0.1 at 2018-04-04 23:18:39 -0700
Processing by DriversController#show as HTML
  Parameters: {"id"=>"4"}
  [1m[36mDriver Load (0.3ms)[0m  [1m[34mSELECT  "drivers".* FROM "drivers" WHERE "drivers"."id" = $1 LIMIT $2[0m  [["id", 4], ["LIMIT", 1]]
  Rendering drivers/show.html.erb within layouts/application
  Rendered drivers/show.html.erb within layouts/application (17.2ms)
Completed 500 Internal Server Error in 45ms (ActiveRecord: 3.7ms)



NameError - undefined local variable or method `completed_trips' for #<Driver:0x00007f8f79aeae60>:
  app/models/driver.rb:13:in `total_revenue'
  app/views/drivers/show.html.erb:3:in `_app_views_drivers_show_html_erb__3365493702610590477_70127099266820'

Started POST "/__better_errors/0677843287ddba75/variables" for 127.0.0.1 at 2018-04-04 23:18:40 -0700
Started GET "/drivers/4" for 127.0.0.1 at 2018-04-04 23:51:56 -0700
Processing by DriversController#show as HTML
  Parameters: {"id"=>"4"}
  [1m[36mDriver Load (0.4ms)[0m  [1m[34mSELECT  "drivers".* FROM "drivers" WHERE "drivers"."id" = $1 LIMIT $2[0m  [["id", 4], ["LIMIT", 1]]
  Rendering drivers/show.html.erb within layouts/application
  Rendered drivers/show.html.erb within layouts/application (7.8ms)
Completed 500 Internal Server Error in 44ms (ActiveRecord: 5.1ms)



NameError - uninitialized constant Driver::Trips:
  app/models/driver.rb:10:in `total_revenue'
  app/views/drivers/show.html.erb:3:in `_app_views_drivers_show_html_erb__3365493702610590477_70127099140960'

Started POST "/__better_errors/15267d8573a8981b/variables" for 127.0.0.1 at 2018-04-04 23:51:56 -0700
Started GET "/drivers/4" for 127.0.0.1 at 2018-04-04 23:52:11 -0700
Processing by DriversController#show as HTML
  Parameters: {"id"=>"4"}
  [1m[36mDriver Load (0.3ms)[0m  [1m[34mSELECT  "drivers".* FROM "drivers" WHERE "drivers"."id" = $1 LIMIT $2[0m  [["id", 4], ["LIMIT", 1]]
  Rendering drivers/show.html.erb within layouts/application
  [1m[36mTrip Load (25.3ms)[0m  [1m[34mSELECT "trips".* FROM "trips" WHERE "trips"."driver_id" = $1[0m  [["driver_id", 4]]
  Rendered drivers/show.html.erb within layouts/application (87.8ms)
Completed 200 OK in 393ms (Views: 344.7ms | ActiveRecord: 34.3ms)


Started GET "/drivers/4/edit" for 127.0.0.1 at 2018-04-04 23:52:18 -0700
Processing by DriversController#edit as HTML
  Parameters: {"id"=>"4"}
  [1m[36mDriver Load (0.6ms)[0m  [1m[34mSELECT  "drivers".* FROM "drivers" WHERE "drivers"."id" = $1 LIMIT $2[0m  [["id", 4], ["LIMIT", 1]]
  Rendering drivers/edit.html.erb within layouts/application
  Rendered drivers/_form.html.erb (1.1ms)
  Rendered drivers/edit.html.erb within layouts/application (5.7ms)
Completed 500 Internal Server Error in 25ms (ActiveRecord: 0.6ms)



SyntaxError - syntax error, unexpected ')', expecting '('
...ly Drivers are here for YOU". );@output_buffer.safe_append='
...                              ^
/Users/Emilce/Documents/Ada/week9/rideshare-rails/app/views/drivers/_form.html.erb:18: syntax error, unexpected end-of-input, expecting ')'
          end
             ^:
  app/views/drivers/_form.html.erb:2:in `'
  app/views/drivers/edit.html.erb:1:in `_app_views_drivers_edit_html_erb___3368971931268778381_70127086661900'

Started POST "/__better_errors/49a4c07262f42c17/variables" for 127.0.0.1 at 2018-04-04 23:52:18 -0700
Started GET "/drivers/4/edit" for 127.0.0.1 at 2018-04-04 23:53:47 -0700
Processing by DriversController#edit as HTML
  Parameters: {"id"=>"4"}
  [1m[36mDriver Load (0.2ms)[0m  [1m[34mSELECT  "drivers".* FROM "drivers" WHERE "drivers"."id" = $1 LIMIT $2[0m  [["id", 4], ["LIMIT", 1]]
  Rendering drivers/edit.html.erb within layouts/application
  Rendered drivers/_form.html.erb (1.3ms)
  Rendered drivers/edit.html.erb within layouts/application (3.9ms)
Completed 500 Internal Server Error in 13ms (ActiveRecord: 0.2ms)



SyntaxError - syntax error, unexpected end-of-input, expecting keyword_end
          end
             ^:
  app/views/drivers/_form.html.erb:18:in `'
  app/views/drivers/edit.html.erb:1:in `_app_views_drivers_edit_html_erb___3368971931268778381_70127077009560'

Started POST "/__better_errors/f7bb7f4557f91439/variables" for 127.0.0.1 at 2018-04-04 23:53:47 -0700
Started GET "/drivers/4/edit" for 127.0.0.1 at 2018-04-04 23:54:15 -0700
Processing by DriversController#edit as HTML
  Parameters: {"id"=>"4"}
  [1m[36mDriver Load (0.2ms)[0m  [1m[34mSELECT  "drivers".* FROM "drivers" WHERE "drivers"."id" = $1 LIMIT $2[0m  [["id", 4], ["LIMIT", 1]]
  Rendering drivers/edit.html.erb within layouts/application
  Rendered drivers/_form.html.erb (31.0ms)
  Rendered drivers/edit.html.erb within layouts/application (33.4ms)
Completed 200 OK in 55ms (Views: 50.2ms | ActiveRecord: 0.2ms)


Started GET "/drivers/4" for 127.0.0.1 at 2018-04-04 23:54:24 -0700
Processing by DriversController#show as HTML
  Parameters: {"id"=>"4"}
  [1m[36mDriver Load (0.6ms)[0m  [1m[34mSELECT  "drivers".* FROM "drivers" WHERE "drivers"."id" = $1 LIMIT $2[0m  [["id", 4], ["LIMIT", 1]]
  Rendering drivers/show.html.erb within layouts/application
  [1m[36mTrip Load (0.9ms)[0m  [1m[34mSELECT "trips".* FROM "trips" WHERE "trips"."driver_id" = $1[0m  [["driver_id", 4]]
  Rendered drivers/show.html.erb within layouts/application (3.5ms)
Completed 200 OK in 46ms (Views: 35.7ms | ActiveRecord: 1.5ms)


Started GET "/drivers/16" for 127.0.0.1 at 2018-04-04 23:54:31 -0700
Processing by DriversController#show as HTML
  Parameters: {"id"=>"16"}
  [1m[36mDriver Load (0.3ms)[0m  [1m[34mSELECT  "drivers".* FROM "drivers" WHERE "drivers"."id" = $1 LIMIT $2[0m  [["id", 16], ["LIMIT", 1]]
  Rendering drivers/show.html.erb within layouts/application
  [1m[36mTrip Load (0.4ms)[0m  [1m[34mSELECT "trips".* FROM "trips" WHERE "trips"."driver_id" = $1[0m  [["driver_id", 16]]
  Rendered drivers/show.html.erb within layouts/application (2.0ms)
Completed 200 OK in 23ms (Views: 19.4ms | ActiveRecord: 0.6ms)


Started GET "/drivers" for 127.0.0.1 at 2018-04-04 23:55:50 -0700
Processing by DriversController#index as HTML
  Rendering drivers/index.html.erb within layouts/application
  [1m[36mDriver Load (0.4ms)[0m  [1m[34mSELECT "drivers".* FROM "drivers"[0m
  Rendered drivers/index.html.erb within layouts/application (14.2ms)
Completed 500 Internal Server Error in 25ms (ActiveRecord: 0.4ms)



ActionController::UrlGenerationError - No route matches {:action=>"edit", :controller=>"drivers", :id=>nil}, missing required keys: [:id]:
  app/views/drivers/index.html.erb:10:in `_app_views_drivers_index_html_erb___4035747202118345495_70127087588240'

Started POST "/__better_errors/816cd386a0c5fab8/variables" for 127.0.0.1 at 2018-04-04 23:55:50 -0700
Started GET "/drivers/2" for 127.0.0.1 at 2018-04-05 00:02:03 -0700
Processing by DriversController#show as HTML
  Parameters: {"id"=>"2"}
  [1m[36mDriver Load (0.3ms)[0m  [1m[34mSELECT  "drivers".* FROM "drivers" WHERE "drivers"."id" = $1 LIMIT $2[0m  [["id", 2], ["LIMIT", 1]]
  Rendering drivers/show.html.erb within layouts/application
  [1m[36mTrip Load (0.4ms)[0m  [1m[34mSELECT "trips".* FROM "trips" WHERE "trips"."driver_id" = $1[0m  [["driver_id", 2]]
  Rendered drivers/show.html.erb within layouts/application (3.5ms)
Completed 200 OK in 42ms (Views: 35.9ms | ActiveRecord: 0.7ms)


Started GET "/drivers/2/edit" for 127.0.0.1 at 2018-04-05 00:02:06 -0700
Processing by DriversController#edit as HTML
  Parameters: {"id"=>"2"}
  [1m[36mDriver Load (0.3ms)[0m  [1m[34mSELECT  "drivers".* FROM "drivers" WHERE "drivers"."id" = $1 LIMIT $2[0m  [["id", 2], ["LIMIT", 1]]
  Rendering drivers/edit.html.erb within layouts/application
  Rendered drivers/_form.html.erb (1.7ms)
  Rendered drivers/edit.html.erb within layouts/application (4.7ms)
Completed 200 OK in 43ms (Views: 36.3ms | ActiveRecord: 0.3ms)


Started GET "/drivers/2/edit" for 127.0.0.1 at 2018-04-05 00:03:40 -0700
Processing by DriversController#edit as HTML
  Parameters: {"id"=>"2"}
  [1m[36mDriver Load (0.2ms)[0m  [1m[34mSELECT  "drivers".* FROM "drivers" WHERE "drivers"."id" = $1 LIMIT $2[0m  [["id", 2], ["LIMIT", 1]]
  Rendering drivers/edit.html.erb within layouts/application
  Rendered drivers/_form.html.erb (498.6ms)
  Rendered drivers/edit.html.erb within layouts/application (501.8ms)
Completed 500 Internal Server Error in 512ms (ActiveRecord: 0.2ms)



NameError - undefined local variable or method `f' for #<#<Class:0x00007f8f764ddd18>:0x00007f8f771ce180>:
  app/views/drivers/_form.html.erb:16:in `_app_views_drivers__form_html_erb__1443474996437741652_70127116541380'
  app/views/drivers/edit.html.erb:1:in `_app_views_drivers_edit_html_erb___3368971931268778381_70127077717360'

Started POST "/__better_errors/1a8da72313127342/variables" for 127.0.0.1 at 2018-04-05 00:03:40 -0700
Started GET "/drivers/2/edit" for 127.0.0.1 at 2018-04-05 00:03:51 -0700
Processing by DriversController#edit as HTML
  Parameters: {"id"=>"2"}
  [1m[36mDriver Load (0.3ms)[0m  [1m[34mSELECT  "drivers".* FROM "drivers" WHERE "drivers"."id" = $1 LIMIT $2[0m  [["id", 2], ["LIMIT", 1]]
  Rendering drivers/edit.html.erb within layouts/application
  Rendered drivers/_form.html.erb (488.0ms)
  Rendered drivers/edit.html.erb within layouts/application (493.2ms)
Completed 500 Internal Server Error in 507ms (ActiveRecord: 0.3ms)



NameError - undefined local variable or method `f' for #<#<Class:0x00007f8f764ddd18>:0x00007f8f798f27e8>:
  app/views/drivers/_form.html.erb:12:in `_app_views_drivers__form_html_erb__1443474996437741652_70127070626060'
  app/views/drivers/edit.html.erb:1:in `_app_views_drivers_edit_html_erb___3368971931268778381_70127098204380'

Started POST "/__better_errors/54daa56965eefde8/variables" for 127.0.0.1 at 2018-04-05 00:03:52 -0700
Started GET "/drivers/2/edit" for 127.0.0.1 at 2018-04-05 00:04:08 -0700
Processing by DriversController#edit as HTML
  Parameters: {"id"=>"2"}
  [1m[36mDriver Load (0.2ms)[0m  [1m[34mSELECT  "drivers".* FROM "drivers" WHERE "drivers"."id" = $1 LIMIT $2[0m  [["id", 2], ["LIMIT", 1]]
  Rendering drivers/edit.html.erb within layouts/application
  Rendered drivers/_form.html.erb (1.5ms)
  Rendered drivers/edit.html.erb within layouts/application (4.0ms)
Completed 200 OK in 28ms (Views: 23.0ms | ActiveRecord: 0.2ms)


Started GET "/drivers/2/edit" for 127.0.0.1 at 2018-04-05 00:09:29 -0700
Processing by DriversController#edit as HTML
  Parameters: {"id"=>"2"}
  [1m[36mDriver Load (0.2ms)[0m  [1m[34mSELECT  "drivers".* FROM "drivers" WHERE "drivers"."id" = $1 LIMIT $2[0m  [["id", 2], ["LIMIT", 1]]
  Rendering drivers/edit.html.erb within layouts/application
  Rendered drivers/_form.html.erb (1.5ms)
  Rendered drivers/edit.html.erb within layouts/application (3.8ms)
Completed 200 OK in 35ms (Views: 20.0ms | ActiveRecord: 3.5ms)


Started GET "/drivers/2" for 127.0.0.1 at 2018-04-05 00:09:34 -0700
Processing by DriversController#show as HTML
  Parameters: {"id"=>"2"}
  [1m[36mDriver Load (0.2ms)[0m  [1m[34mSELECT  "drivers".* FROM "drivers" WHERE "drivers"."id" = $1 LIMIT $2[0m  [["id", 2], ["LIMIT", 1]]
  Rendering drivers/show.html.erb within layouts/application
  [1m[36mTrip Load (0.4ms)[0m  [1m[34mSELECT "trips".* FROM "trips" WHERE "trips"."driver_id" = $1[0m  [["driver_id", 2]]
  Rendered drivers/show.html.erb within layouts/application (17.3ms)
Completed 200 OK in 45ms (Views: 37.3ms | ActiveRecord: 3.5ms)


Started GET "/drivers/2" for 127.0.0.1 at 2018-04-05 00:10:35 -0700
Processing by DriversController#show as HTML
  Parameters: {"id"=>"2"}
  [1m[36mDriver Load (0.2ms)[0m  [1m[34mSELECT  "drivers".* FROM "drivers" WHERE "drivers"."id" = $1 LIMIT $2[0m  [["id", 2], ["LIMIT", 1]]
  Rendering drivers/show.html.erb within layouts/application
  [1m[36mTrip Load (0.4ms)[0m  [1m[34mSELECT "trips".* FROM "trips" WHERE "trips"."driver_id" = $1[0m  [["driver_id", 2]]
  Rendered drivers/show.html.erb within layouts/application (2.4ms)
Completed 200 OK in 22ms (Views: 17.7ms | ActiveRecord: 0.5ms)


Started GET "/drivers/2" for 127.0.0.1 at 2018-04-05 00:10:35 -0700
Processing by DriversController#show as HTML
  Parameters: {"id"=>"2"}
  [1m[36mDriver Load (0.4ms)[0m  [1m[34mSELECT  "drivers".* FROM "drivers" WHERE "drivers"."id" = $1 LIMIT $2[0m  [["id", 2], ["LIMIT", 1]]
  Rendering drivers/show.html.erb within layouts/application
  [1m[36mTrip Load (0.3ms)[0m  [1m[34mSELECT "trips".* FROM "trips" WHERE "trips"."driver_id" = $1[0m  [["driver_id", 2]]
  Rendered drivers/show.html.erb within layouts/application (2.5ms)
Completed 200 OK in 24ms (Views: 18.5ms | ActiveRecord: 0.7ms)


Started GET "/drivers/2" for 127.0.0.1 at 2018-04-05 00:10:39 -0700
Processing by DriversController#show as HTML
  Parameters: {"id"=>"2"}
  [1m[36mDriver Load (0.5ms)[0m  [1m[34mSELECT  "drivers".* FROM "drivers" WHERE "drivers"."id" = $1 LIMIT $2[0m  [["id", 2], ["LIMIT", 1]]
  Rendering drivers/show.html.erb within layouts/application
  [1m[36mTrip Load (0.3ms)[0m  [1m[34mSELECT "trips".* FROM "trips" WHERE "trips"."driver_id" = $1[0m  [["driver_id", 2]]
  Rendered drivers/show.html.erb within layouts/application (2.7ms)
Completed 200 OK in 24ms (Views: 17.9ms | ActiveRecord: 0.7ms)


Started GET "/drivers/2/edit" for 127.0.0.1 at 2018-04-05 00:10:41 -0700
Processing by DriversController#edit as HTML
  Parameters: {"id"=>"2"}
  [1m[36mDriver Load (0.2ms)[0m  [1m[34mSELECT  "drivers".* FROM "drivers" WHERE "drivers"."id" = $1 LIMIT $2[0m  [["id", 2], ["LIMIT", 1]]
  Rendering drivers/edit.html.erb within layouts/application
  Rendered drivers/_form.html.erb (1.8ms)
  Rendered drivers/edit.html.erb within layouts/application (4.6ms)
Completed 200 OK in 31ms (Views: 25.4ms | ActiveRecord: 0.2ms)


Started GET "/drivers/2" for 127.0.0.1 at 2018-04-05 00:12:03 -0700
Processing by DriversController#show as HTML
  Parameters: {"id"=>"2"}
  [1m[36mDriver Load (0.3ms)[0m  [1m[34mSELECT  "drivers".* FROM "drivers" WHERE "drivers"."id" = $1 LIMIT $2[0m  [["id", 2], ["LIMIT", 1]]
  Rendering drivers/show.html.erb within layouts/application
  [1m[36mTrip Load (0.3ms)[0m  [1m[34mSELECT "trips".* FROM "trips" WHERE "trips"."driver_id" = $1[0m  [["driver_id", 2]]
  Rendered drivers/show.html.erb within layouts/application (11.3ms)
Completed 500 Internal Server Error in 23ms (ActiveRecord: 0.6ms)



NameError - undefined local variable or method `drivers' for #<Driver:0x00007f8f78301fb0>:
  app/models/driver.rb:19:in `avg_revenue'
  app/views/drivers/show.html.erb:5:in `_app_views_drivers_show_html_erb__3365493702610590477_70127086733080'

Started POST "/__better_errors/51f930ea103bacc2/variables" for 127.0.0.1 at 2018-04-05 00:12:03 -0700
  [1m[36mTrip Load (0.4ms)[0m  [1m[34mSELECT  "trips".* FROM "trips" WHERE "trips"."driver_id" = $1 LIMIT $2[0m  [["driver_id", 2], ["LIMIT", 11]]
Started GET "/drivers/2" for 127.0.0.1 at 2018-04-05 00:15:00 -0700
Processing by DriversController#show as HTML
  Parameters: {"id"=>"2"}
  [1m[36mDriver Load (0.2ms)[0m  [1m[34mSELECT  "drivers".* FROM "drivers" WHERE "drivers"."id" = $1 LIMIT $2[0m  [["id", 2], ["LIMIT", 1]]
  Rendering drivers/show.html.erb within layouts/application
  [1m[36mTrip Load (0.3ms)[0m  [1m[34mSELECT "trips".* FROM "trips" WHERE "trips"."driver_id" = $1[0m  [["driver_id", 2]]
  Rendered drivers/show.html.erb within layouts/application (16.3ms)
Completed 200 OK in 57ms (Views: 39.0ms | ActiveRecord: 6.9ms)


Started GET "/drivers/2" for 127.0.0.1 at 2018-04-05 00:15:12 -0700
Processing by DriversController#show as HTML
  Parameters: {"id"=>"2"}
  [1m[36mDriver Load (0.2ms)[0m  [1m[34mSELECT  "drivers".* FROM "drivers" WHERE "drivers"."id" = $1 LIMIT $2[0m  [["id", 2], ["LIMIT", 1]]
  Rendering drivers/show.html.erb within layouts/application
  [1m[36mTrip Load (0.3ms)[0m  [1m[34mSELECT "trips".* FROM "trips" WHERE "trips"."driver_id" = $1[0m  [["driver_id", 2]]
  Rendered drivers/show.html.erb within layouts/application (2.5ms)
Completed 200 OK in 27ms (Views: 23.1ms | ActiveRecord: 0.5ms)


Started GET "/drivers/2" for 127.0.0.1 at 2018-04-05 00:16:12 -0700
Processing by DriversController#show as HTML
  Parameters: {"id"=>"2"}
  [1m[36mDriver Load (0.2ms)[0m  [1m[34mSELECT  "drivers".* FROM "drivers" WHERE "drivers"."id" = $1 LIMIT $2[0m  [["id", 2], ["LIMIT", 1]]
  Rendering drivers/show.html.erb within layouts/application
  [1m[36mTrip Load (0.3ms)[0m  [1m[34mSELECT "trips".* FROM "trips" WHERE "trips"."driver_id" = $1[0m  [["driver_id", 2]]
  Rendered drivers/show.html.erb within layouts/application (17.3ms)
Completed 200 OK in 52ms (Views: 31.9ms | ActiveRecord: 6.9ms)


Started GET "/drivers/2" for 127.0.0.1 at 2018-04-05 00:16:47 -0700
Processing by DriversController#show as HTML
  Parameters: {"id"=>"2"}
  [1m[36mDriver Load (0.2ms)[0m  [1m[34mSELECT  "drivers".* FROM "drivers" WHERE "drivers"."id" = $1 LIMIT $2[0m  [["id", 2], ["LIMIT", 1]]
  Rendering drivers/show.html.erb within layouts/application
  [1m[36mTrip Load (0.2ms)[0m  [1m[34mSELECT "trips".* FROM "trips" WHERE "trips"."driver_id" = $1[0m  [["driver_id", 2]]
  Rendered drivers/show.html.erb within layouts/application (17.4ms)
Completed 200 OK in 52ms (Views: 32.4ms | ActiveRecord: 7.1ms)


